::1 - - [10/Jun/2026:20:22:19 +0000] "PATCH /api/v1/turnos-reservas/1 HTTP/1.1" 500 43 "-" "PostmanRuntime/7.53.0"
::1 - - [10/Jun/2026:20:28:42 +0000] "PATCH /api/v1/turnos-reservas/1 HTTP/1.1" 500 43 "-" "PostmanRuntime/7.53.0"
::1 - - [10/Jun/2026:20:45:43 +0000] "PATCH /api/v1/turnos-reservas/1 HTTP/1.1" 500 43 "-" "PostmanRuntime/7.53.0"
::1 - - [10/Jun/2026:20:46:00 +0000] "PATCH /api/v1/turnos-reservas/1 HTTP/1.1" 500 43 "-" "PostmanRuntime/7.53.0"
::1 - - [10/Jun/2026:20:49:48 +0000] "PATCH /api/v1/turnos-reservas/1 HTTP/1.1" 500 43 "-" "PostmanRuntime/7.53.0"
::1 - - [10/Jun/2026:20:52:05 +0000] "PATCH /api/v1/turnos-reservas/1 HTTP/1.1" 200 55 "-" "PostmanRuntime/7.53.0"
::1 - - [11/Jun/2026:17:59:46 +0000] "POST /api/v1/turnos-reservas HTTP/1.1" 201 65 "-" "PostmanRuntime/7.53.0"
::1 - - [11/Jun/2026:18:02:56 +0000] "GET /api/v1/turnos-reservas HTTP/1.1" 401 42 "-" "PostmanRuntime/7.53.0"
::1 - - [11/Jun/2026:18:04:32 +0000] "PATCH /api/v1/turnos-reservas/1 HTTP/1.1" 200 55 "-" "PostmanRuntime/7.53.0"
::1 - - [11/Jun/2026:18:05:19 +0000] "DELETE /api/v1/turnos-reservas/1 HTTP/1.1" 200 57 "-" "PostmanRuntime/7.53.0"
::1 - - [11/Jun/2026:18:05:26 +0000] "DELETE /api/v1/turnos-reservas/164654 HTTP/1.1" 404 49 "-" "PostmanRuntime/7.53.0"
::1 - - [11/Jun/2026:18:05:29 +0000] "DELETE /api/v1/turnos-reservas/164654aaaa HTTP/1.1" 400 144 "-" "PostmanRuntime/7.53.0"
::1 - - [11/Jun/2026:18:06:42 +0000] "DELETE /api/v1/turnos-reservas/99999 HTTP/1.1" 404 49 "-" "PostmanRuntime/7.53.0"
::1 - - [11/Jun/2026:18:07:04 +0000] "POST /api/v1/turnos-reservas HTTP/1.1" 201 86 "-" "PostmanRuntime/7.53.0"
::1 - - [11/Jun/2026:18:07:27 +0000] "POST /api/v1/turnos-reservas HTTP/1.1" 201 86 "-" "PostmanRuntime/7.53.0"
::1 - - [12/Jun/2026:01:33:30 +0000] "GET /api/v1/changepassword/forgot HTTP/1.1" 404 167 "-" "PostmanRuntime/7.54.0"
::1 - - [12/Jun/2026:01:33:41 +0000] "POST /api/v1/changepassword/forgot HTTP/1.1" 404 168 "-" "PostmanRuntime/7.54.0"
::1 - - [12/Jun/2026:01:44:31 +0000] "POST /api/v1/changepassword/forgot HTTP/1.1" 404 168 "-" "PostmanRuntime/7.54.0"
::1 - - [12/Jun/2026:01:45:21 +0000] "POST /api/v1/password/forgot HTTP/1.1" 500 51 "-" "PostmanRuntime/7.54.0"
::1 - - [12/Jun/2026:01:46:50 +0000] "POST /api/v1/password/forgot HTTP/1.1" 500 51 "-" "PostmanRuntime/7.54.0"
::1 - - [12/Jun/2026:01:47:20 +0000] "POST /api/v1/password/forgot HTTP/1.1" 500 101 "-" "PostmanRuntime/7.54.0"
::1 - - [12/Jun/2026:01:59:16 +0000] "POST /api/v1/password/forgot HTTP/1.1" 500 64 "-" "PostmanRuntime/7.54.0"
::1 - - [12/Jun/2026:02:04:36 +0000] "POST /api/v1/password/forgot HTTP/1.1" 500 97 "-" "PostmanRuntime/7.54.0"
::1 - - [12/Jun/2026:02:06:28 +0000] "POST /api/v1/password/forgot HTTP/1.1" 500 97 "-" "PostmanRuntime/7.54.0"
::1 - - [12/Jun/2026:02:07:34 +0000] "POST /api/v1/password/forgot HTTP/1.1" 500 97 "-" "PostmanRuntime/7.54.0"
::1 - - [12/Jun/2026:02:09:01 +0000] "POST /api/v1/password/forgot HTTP/1.1" 500 64 "-" "PostmanRuntime/7.54.0"
::1 - - [12/Jun/2026:02:10:10 +0000] "POST /api/v1/password/forgot HTTP/1.1" 500 64 "-" "PostmanRuntime/7.54.0"
::1 - - [12/Jun/2026:02:10:25 +0000] "POST /api/v1/password/forgot HTTP/1.1" 500 64 "-" "PostmanRuntime/7.54.0"
::1 - - [12/Jun/2026:02:12:27 +0000] "POST /api/v1/password/forgot HTTP/1.1" 500 64 "-" "PostmanRuntime/7.54.0"
::1 - - [12/Jun/2026:02:14:02 +0000] "POST /api/v1/password/forgot HTTP/1.1" 500 97 "-" "PostmanRuntime/7.54.0"
::1 - - [12/Jun/2026:02:25:00 +0000] "POST /api/v1/password/forgot HTTP/1.1" 500 64 "-" "PostmanRuntime/7.54.0"
::1 - - [12/Jun/2026:02:29:45 +0000] "POST /api/v1/password/forgot HTTP/1.1" 500 2071 "-" "PostmanRuntime/7.54.0"
::1 - - [12/Jun/2026:02:40:34 +0000] "POST /api/v1/password/forgot HTTP/1.1" 200 2071 "-" "PostmanRuntime/7.54.0"
